<?xml version="1.0" encoding="UTF-8"?>
<!-- Generated by org.testng.reporters.JUnitXMLReporter -->
<testsuite hostname="DESKTOP-8S13367" ignored="1" name="Default test" tests="1" failures="0" timestamp="16 Jul 2018 16:42:22 GMT" time="6.395" errors="0">
  <testcase name="getAPITestWithHeaders" time="6.348" classname="com.qa.tests.GetAPITest"/>
  <testcase name="getAPITest" time="0.0" classname="com.qa.tests.GetAPITest">
    <ignored/>
  </testcase> <!-- getAPITest -->
</testsuite> <!-- Default test -->
