<?xml version="1.0" encoding="UTF-8"?>
<testng-results skipped="0" failed="0" ignored="1" total="2" passed="1">
  <reporter-output>
  </reporter-output>
  <suite name="Default suite" duration-ms="6395" started-at="2018-07-16T16:42:16Z" finished-at="2018-07-16T16:42:22Z">
    <groups>
    </groups>
    <test name="Default test" duration-ms="6395" started-at="2018-07-16T16:42:16Z" finished-at="2018-07-16T16:42:22Z">
      <class name="com.qa.tests.GetAPITest">
        <test-method status="PASS" signature="setUp()[pri:0, instance:com.qa.tests.GetAPITest@68be2bc2]" name="setUp" is-config="true" duration-ms="7" started-at="2018-07-16T16:42:16Z" finished-at="2018-07-16T16:42:16Z">
          <reporter-output>
          </reporter-output>
        </test-method> <!-- setUp -->
        <test-method status="PASS" signature="getAPITestWithHeaders()[pri:0, instance:com.qa.tests.GetAPITest@68be2bc2]" name="getAPITestWithHeaders" duration-ms="6348" started-at="2018-07-16T16:42:16Z" finished-at="2018-07-16T16:42:22Z">
          <reporter-output>
          </reporter-output>
        </test-method> <!-- getAPITestWithHeaders -->
      </class> <!-- com.qa.tests.GetAPITest -->
    </test> <!-- Default test -->
  </suite> <!-- Default suite -->
</testng-results>
