<?xml version="1.0" encoding="UTF-8"?>
<testng-results skipped="0" failed="0" ignored="0" total="1" passed="1">
  <reporter-output>
  </reporter-output>
  <suite name="Default suite" duration-ms="1769" started-at="2018-07-16T11:22:02Z" finished-at="2018-07-16T11:22:04Z">
    <groups>
    </groups>
    <test name="Default test" duration-ms="1769" started-at="2018-07-16T11:22:02Z" finished-at="2018-07-16T11:22:04Z">
      <class name="com.qa.tests.GetAPITest">
        <test-method status="PASS" signature="setUp()[pri:0, instance:com.qa.tests.GetAPITest@feb3fa]" name="setUp" is-config="true" duration-ms="22" started-at="2018-07-16T11:22:02Z" finished-at="2018-07-16T11:22:02Z">
          <reporter-output>
          </reporter-output>
        </test-method> <!-- setUp -->
        <test-method status="PASS" signature="getAPITest()[pri:0, instance:com.qa.tests.GetAPITest@feb3fa]" name="getAPITest" duration-ms="1643" started-at="2018-07-16T11:22:02Z" finished-at="2018-07-16T11:22:04Z">
          <reporter-output>
          </reporter-output>
        </test-method> <!-- getAPITest -->
      </class> <!-- com.qa.tests.GetAPITest -->
    </test> <!-- Default test -->
  </suite> <!-- Default suite -->
</testng-results>
